{"/workspaces/svelte_14dec21/src/lib/utils.ts": {"path":"/workspaces/svelte_14dec21/src/lib/utils.ts","statementMap":{"0":{"start":{"line":1,"column":0},"end":{"line":1,"column":52}},"1":{"start":{"line":3,"column":27},"end":{"line":8,"column":1}},"2":{"start":{"line":4,"column":18},"end":{"line":4,"column":54}},"3":{"start":{"line":5,"column":17},"end":{"line":5,"column":51}},"4":{"start":{"line":6,"column":19},"end":{"line":6,"column":62}},"5":{"start":{"line":7,"column":4},"end":{"line":7,"column":30}},"6":{"start":{"line":3,"column":13},"end":{"line":3,"column":27}},"7":{"start":{"line":12,"column":14},"end":{"line":12,"column":44}},"8":{"start":{"line":13,"column":1},"end":{"line":13,"column":48}},"9":{"start":{"line":11,"column":0},"end":{"line":11,"column":16}},"10":{"start":{"line":18,"column":1},"end":{"line":22,"column":null}},"11":{"start":{"line":19,"column":2},"end":{"line":19,"column":33}},"12":{"start":{"line":21,"column":2},"end":{"line":21,"column":49}},"13":{"start":{"line":17,"column":0},"end":{"line":17,"column":16}},"14":{"start":{"line":27,"column":1},"end":{"line":31,"column":4}},"15":{"start":{"line":26,"column":0},"end":{"line":26,"column":16}},"16":{"start":{"line":44,"column":14},"end":{"line":44,"column":45}},"17":{"start":{"line":45,"column":1},"end":{"line":52,"column":null}},"18":{"start":{"line":46,"column":2},"end":{"line":51,"column":4}},"19":{"start":{"line":53,"column":1},"end":{"line":60,"column":null}},"20":{"start":{"line":54,"column":2},"end":{"line":59,"column":4}},"21":{"start":{"line":61,"column":1},"end":{"line":68,"column":null}},"22":{"start":{"line":62,"column":2},"end":{"line":67,"column":4}},"23":{"start":{"line":70,"column":1},"end":{"line":77,"column":null}},"24":{"start":{"line":71,"column":2},"end":{"line":76,"column":4}},"25":{"start":{"line":78,"column":1},"end":{"line":83,"column":3}},"26":{"start":{"line":43,"column":0},"end":{"line":43,"column":16}},"27":{"start":{"line":90,"column":35},"end":{"line":90,"column":38}},"28":{"start":{"line":91,"column":1},"end":{"line":91,"column":13}},"29":{"start":{"line":86,"column":0},"end":{"line":86,"column":16}},"30":{"start":{"line":96,"column":15},"end":{"line":96,"column":42}},"31":{"start":{"line":97,"column":14},"end":{"line":97,"column":34}},"32":{"start":{"line":98,"column":18},"end":{"line":98,"column":61}},"33":{"start":{"line":100,"column":1},"end":{"line":100,"column":29}},"34":{"start":{"line":95,"column":0},"end":{"line":95,"column":16}}},"fnMap":{"0":{"name":"(anonymous_0)","decl":{"start":{"line":3,"column":27},"end":{"line":3,"column":28}},"loc":{"start":{"line":3,"column":73},"end":{"line":8,"column":1}}},"1":{"name":"daysLeft","decl":{"start":{"line":11,"column":16},"end":{"line":11,"column":24}},"loc":{"start":{"line":11,"column":59},"end":{"line":14,"column":1}}},"2":{"name":"daysLeftFromISO","decl":{"start":{"line":17,"column":16},"end":{"line":17,"column":31}},"loc":{"start":{"line":17,"column":58},"end":{"line":23,"column":1}}},"3":{"name":"formatDate","decl":{"start":{"line":26,"column":16},"end":{"line":26,"column":26}},"loc":{"start":{"line":26,"column":39},"end":{"line":32,"column":1}}},"4":{"name":"formatDateDiff","decl":{"start":{"line":43,"column":16},"end":{"line":43,"column":30}},"loc":{"start":{"line":43,"column":43},"end":{"line":84,"column":1}}},"5":{"name":"omit","decl":{"start":{"line":86,"column":16},"end":{"line":86,"column":20}},"loc":{"start":{"line":88,"column":7},"end":{"line":92,"column":1}}},"6":{"name":"progress","decl":{"start":{"line":95,"column":16},"end":{"line":95,"column":24}},"loc":{"start":{"line":95,"column":51},"end":{"line":101,"column":1}}}},"branchMap":{"0":{"loc":{"start":{"line":6,"column":19},"end":{"line":6,"column":62}},"type":"cond-expr","locations":[{"start":{"line":6,"column":30},"end":{"line":6,"column":33}},{"start":{"line":6,"column":36},"end":{"line":6,"column":62}}]},"1":{"loc":{"start":{"line":11,"column":36},"end":{"line":11,"column":59}},"type":"default-arg","locations":[{"start":{"line":11,"column":49},"end":{"line":11,"column":59}}]},"2":{"loc":{"start":{"line":18,"column":1},"end":{"line":22,"column":null}},"type":"if","locations":[{"start":{"line":18,"column":1},"end":{"line":22,"column":null}},{"start":{"line":20,"column":8},"end":{"line":22,"column":null}}]},"3":{"loc":{"start":{"line":45,"column":1},"end":{"line":52,"column":null}},"type":"if","locations":[{"start":{"line":45,"column":1},"end":{"line":52,"column":null}}]},"4":{"loc":{"start":{"line":53,"column":1},"end":{"line":60,"column":null}},"type":"if","locations":[{"start":{"line":53,"column":1},"end":{"line":60,"column":null}}]},"5":{"loc":{"start":{"line":53,"column":5},"end":{"line":53,"column":26}},"type":"binary-expr","locations":[{"start":{"line":53,"column":5},"end":{"line":53,"column":13}},{"start":{"line":53,"column":17},"end":{"line":53,"column":26}}]},"6":{"loc":{"start":{"line":61,"column":1},"end":{"line":68,"column":null}},"type":"if","locations":[{"start":{"line":61,"column":1},"end":{"line":68,"column":null}}]},"7":{"loc":{"start":{"line":61,"column":5},"end":{"line":61,"column":28}},"type":"binary-expr","locations":[{"start":{"line":61,"column":5},"end":{"line":61,"column":14}},{"start":{"line":61,"column":18},"end":{"line":61,"column":28}}]},"8":{"loc":{"start":{"line":70,"column":1},"end":{"line":77,"column":null}},"type":"if","locations":[{"start":{"line":70,"column":1},"end":{"line":77,"column":null}}]},"9":{"loc":{"start":{"line":98,"column":18},"end":{"line":98,"column":61}},"type":"cond-expr","locations":[{"start":{"line":98,"column":29},"end":{"line":98,"column":32}},{"start":{"line":98,"column":35},"end":{"line":98,"column":61}}]}},"s":{"0":1,"1":1,"2":0,"3":0,"4":0,"5":0,"6":1,"7":0,"8":0,"9":1,"10":0,"11":0,"12":0,"13":1,"14":2,"15":1,"16":0,"17":0,"18":0,"19":0,"20":0,"21":0,"22":0,"23":0,"24":0,"25":0,"26":1,"27":0,"28":0,"29":1,"30":0,"31":0,"32":0,"33":0,"34":1},"f":{"0":0,"1":0,"2":0,"3":2,"4":0,"5":0,"6":0},"b":{"0":[0,0],"1":[0],"2":[0,0],"3":[0],"4":[0],"5":[0,0],"6":[0],"7":[0,0],"8":[0],"9":[0,0]}}
}
