TN:
SF:src/lib/utils.ts
FN:3,(anonymous_0)
FN:11,daysLeft
FN:17,daysLeftFromISO
FN:26,formatDate
FN:43,formatDateDiff
FN:86,omit
FN:95,progress
FNF:7
FNH:1
FNDA:0,(anonymous_0)
FNDA:0,daysLeft
FNDA:0,daysLeftFromISO
FNDA:2,formatDate
FNDA:0,formatDateDiff
FNDA:0,omit
FNDA:0,progress
DA:1,1
DA:3,1
DA:4,0
DA:5,0
DA:6,0
DA:7,0
DA:11,1
DA:12,0
DA:13,0
DA:17,1
DA:18,0
DA:19,0
DA:21,0
DA:26,1
DA:27,2
DA:43,1
DA:44,0
DA:45,0
DA:46,0
DA:53,0
DA:54,0
DA:61,0
DA:62,0
DA:70,0
DA:71,0
DA:78,0
DA:86,1
DA:90,0
DA:91,0
DA:95,1
DA:96,0
DA:97,0
DA:98,0
DA:100,0
LF:34
LH:9
BRDA:6,0,0,0
BRDA:6,0,1,0
BRDA:11,1,0,0
BRDA:18,2,0,0
BRDA:18,2,1,0
BRDA:45,3,0,0
BRDA:53,4,0,0
BRDA:53,5,0,0
BRDA:53,5,1,0
BRDA:61,6,0,0
BRDA:61,7,0,0
BRDA:61,7,1,0
BRDA:70,8,0,0
BRDA:98,9,0,0
BRDA:98,9,1,0
BRF:15
BRH:0
end_of_record
